<?xml version="1.0" encoding="UTF-8"?>
<testsuite name="CalculadoreTest" tests="6" skipped="0" failures="0" errors="0" timestamp="2022-05-26T18:08:31" hostname="DESKTOP-VLQBU5O" time="0.036">
  <properties/>
  <testcase name="subTest()" classname="CalculadoreTest" time="0.027"/>
  <testcase name="potenTest()" classname="CalculadoreTest" time="0.002"/>
  <testcase name="pctmTest()" classname="CalculadoreTest" time="0.001"/>
  <testcase name="multiTest()" classname="CalculadoreTest" time="0.001"/>
  <testcase name="diviTest()" classname="CalculadoreTest" time="0.001"/>
  <testcase name="somaTest()" classname="CalculadoreTest" time="0.001"/>
  <system-out><![CDATA[]]></system-out>
  <system-err><![CDATA[]]></system-err>
</testsuite>
